{"/Users/spencertaira/rithm/exercises/node-express/Express-Jobly/app.js": {"path":"/Users/spencertaira/rithm/exercises/node-express/Express-Jobly/app.js","statementMap":{"0":{"start":{"line":5,"column":16},"end":{"line":5,"column":34}},"1":{"start":{"line":6,"column":13},"end":{"line":6,"column":28}},"2":{"start":{"line":8,"column":26},"end":{"line":8,"column":51}},"3":{"start":{"line":10,"column":28},"end":{"line":10,"column":56}},"4":{"start":{"line":11,"column":19},"end":{"line":11,"column":43}},"5":{"start":{"line":12,"column":24},"end":{"line":12,"column":53}},"6":{"start":{"line":13,"column":20},"end":{"line":13,"column":45}},"7":{"start":{"line":14,"column":19},"end":{"line":14,"column":43}},"8":{"start":{"line":16,"column":15},"end":{"line":16,"column":32}},"9":{"start":{"line":18,"column":12},"end":{"line":18,"column":21}},"10":{"start":{"line":20,"column":0},"end":{"line":20,"column":16}},"11":{"start":{"line":21,"column":0},"end":{"line":21,"column":24}},"12":{"start":{"line":22,"column":0},"end":{"line":22,"column":30}},"13":{"start":{"line":23,"column":0},"end":{"line":23,"column":24}},"14":{"start":{"line":24,"column":0},"end":{"line":24,"column":25}},"15":{"start":{"line":26,"column":0},"end":{"line":26,"column":29}},"16":{"start":{"line":27,"column":0},"end":{"line":27,"column":39}},"17":{"start":{"line":28,"column":0},"end":{"line":28,"column":31}},"18":{"start":{"line":29,"column":0},"end":{"line":29,"column":29}},"19":{"start":{"line":33,"column":0},"end":{"line":35,"column":3}},"20":{"start":{"line":34,"column":2},"end":{"line":34,"column":28}},"21":{"start":{"line":38,"column":0},"end":{"line":46,"column":3}},"22":{"start":{"line":39,"column":2},"end":{"line":39,"column":64}},"23":{"start":{"line":39,"column":39},"end":{"line":39,"column":64}},"24":{"start":{"line":40,"column":17},"end":{"line":40,"column":34}},"25":{"start":{"line":41,"column":18},"end":{"line":41,"column":29}},"26":{"start":{"line":43,"column":2},"end":{"line":45,"column":5}},"27":{"start":{"line":48,"column":0},"end":{"line":48,"column":21}}},"fnMap":{"0":{"name":"(anonymous_0)","decl":{"start":{"line":33,"column":8},"end":{"line":33,"column":9}},"loc":{"start":{"line":33,"column":34},"end":{"line":35,"column":1}},"line":33},"1":{"name":"(anonymous_1)","decl":{"start":{"line":38,"column":8},"end":{"line":38,"column":9}},"loc":{"start":{"line":38,"column":39},"end":{"line":46,"column":1}},"line":38}},"branchMap":{"0":{"loc":{"start":{"line":39,"column":2},"end":{"line":39,"column":64}},"type":"if","locations":[{"start":{"line":39,"column":2},"end":{"line":39,"column":64}},{"start":{},"end":{}}],"line":39},"1":{"loc":{"start":{"line":40,"column":17},"end":{"line":40,"column":34}},"type":"binary-expr","locations":[{"start":{"line":40,"column":17},"end":{"line":40,"column":27}},{"start":{"line":40,"column":31},"end":{"line":40,"column":34}}],"line":40}},"s":{"0":5,"1":5,"2":5,"3":5,"4":5,"5":5,"6":5,"7":5,"8":5,"9":5,"10":5,"11":5,"12":5,"13":5,"14":5,"15":5,"16":5,"17":5,"18":5,"19":5,"20":2,"21":5,"22":47,"23":1,"24":47,"25":47,"26":47,"27":5},"f":{"0":2,"1":47},"b":{"0":[1,46],"1":[47,3]},"_coverageSchema":"1a1c01bbd47fc00a2c39e90264f33305004495a9","hash":"f0b1cb1be82e0d5099d80f5d25691dec03dc2ca0"}
,"/Users/spencertaira/rithm/exercises/node-express/Express-Jobly/config.js": {"path":"/Users/spencertaira/rithm/exercises/node-express/Express-Jobly/config.js","statementMap":{"0":{"start":{"line":5,"column":0},"end":{"line":5,"column":27}},"1":{"start":{"line":6,"column":0},"end":{"line":6,"column":18}},"2":{"start":{"line":8,"column":19},"end":{"line":8,"column":57}},"3":{"start":{"line":10,"column":13},"end":{"line":10,"column":38}},"4":{"start":{"line":14,"column":2},"end":{"line":16,"column":44}},"5":{"start":{"line":22,"column":27},"end":{"line":22,"column":67}},"6":{"start":{"line":24,"column":0},"end":{"line":24,"column":35}},"7":{"start":{"line":25,"column":0},"end":{"line":25,"column":46}},"8":{"start":{"line":26,"column":0},"end":{"line":26,"column":45}},"9":{"start":{"line":27,"column":0},"end":{"line":27,"column":61}},"10":{"start":{"line":28,"column":0},"end":{"line":28,"column":50}},"11":{"start":{"line":29,"column":0},"end":{"line":29,"column":19}},"12":{"start":{"line":31,"column":0},"end":{"line":36,"column":2}}},"fnMap":{"0":{"name":"getDatabaseUri","decl":{"start":{"line":13,"column":9},"end":{"line":13,"column":23}},"loc":{"start":{"line":13,"column":26},"end":{"line":17,"column":1}},"line":13}},"branchMap":{"0":{"loc":{"start":{"line":8,"column":19},"end":{"line":8,"column":57}},"type":"binary-expr","locations":[{"start":{"line":8,"column":19},"end":{"line":8,"column":41}},{"start":{"line":8,"column":45},"end":{"line":8,"column":57}}],"line":8},"1":{"loc":{"start":{"line":10,"column":13},"end":{"line":10,"column":38}},"type":"binary-expr","locations":[{"start":{"line":10,"column":13},"end":{"line":10,"column":30}},{"start":{"line":10,"column":34},"end":{"line":10,"column":38}}],"line":10},"2":{"loc":{"start":{"line":14,"column":9},"end":{"line":16,"column":43}},"type":"cond-expr","locations":[{"start":{"line":15,"column":8},"end":{"line":15,"column":20}},{"start":{"line":16,"column":8},"end":{"line":16,"column":43}}],"line":14},"3":{"loc":{"start":{"line":16,"column":8},"end":{"line":16,"column":43}},"type":"binary-expr","locations":[{"start":{"line":16,"column":8},"end":{"line":16,"column":32}},{"start":{"line":16,"column":36},"end":{"line":16,"column":43}}],"line":16},"4":{"loc":{"start":{"line":22,"column":27},"end":{"line":22,"column":67}},"type":"cond-expr","locations":[{"start":{"line":22,"column":61},"end":{"line":22,"column":62}},{"start":{"line":22,"column":65},"end":{"line":22,"column":67}}],"line":22}},"s":{"0":11,"1":11,"2":11,"3":11,"4":22,"5":11,"6":11,"7":11,"8":11,"9":11,"10":11,"11":11,"12":11},"f":{"0":22},"b":{"0":[11,10],"1":[11,10],"2":[19,3],"3":[3,1],"4":[10,1]},"_coverageSchema":"1a1c01bbd47fc00a2c39e90264f33305004495a9","hash":"8817d74f690ff9ba9208b1e7e59596cbdab17459"}
,"/Users/spencertaira/rithm/exercises/node-express/Express-Jobly/db.js": {"path":"/Users/spencertaira/rithm/exercises/node-express/Express-Jobly/db.js","statementMap":{"0":{"start":{"line":5,"column":19},"end":{"line":5,"column":32}},"1":{"start":{"line":6,"column":27},"end":{"line":6,"column":46}},"2":{"start":{"line":8,"column":11},"end":{"line":10,"column":2}},"3":{"start":{"line":12,"column":0},"end":{"line":12,"column":13}},"4":{"start":{"line":14,"column":0},"end":{"line":14,"column":20}}},"fnMap":{},"branchMap":{},"s":{"0":8,"1":8,"2":8,"3":8,"4":8},"f":{},"b":{},"_coverageSchema":"1a1c01bbd47fc00a2c39e90264f33305004495a9","hash":"9b6ea191505bb7e8da8714034bd66ad92b28260d"}
,"/Users/spencertaira/rithm/exercises/node-express/Express-Jobly/expressError.js": {"path":"/Users/spencertaira/rithm/exercises/node-express/Express-Jobly/expressError.js","statementMap":{"0":{"start":{"line":11,"column":4},"end":{"line":11,"column":12}},"1":{"start":{"line":12,"column":4},"end":{"line":12,"column":27}},"2":{"start":{"line":13,"column":4},"end":{"line":13,"column":25}},"3":{"start":{"line":21,"column":4},"end":{"line":21,"column":24}},"4":{"start":{"line":29,"column":4},"end":{"line":29,"column":24}},"5":{"start":{"line":37,"column":4},"end":{"line":37,"column":24}},"6":{"start":{"line":45,"column":4},"end":{"line":45,"column":24}},"7":{"start":{"line":49,"column":0},"end":{"line":55,"column":2}}},"fnMap":{"0":{"name":"(anonymous_0)","decl":{"start":{"line":10,"column":2},"end":{"line":10,"column":3}},"loc":{"start":{"line":10,"column":31},"end":{"line":14,"column":3}},"line":10},"1":{"name":"(anonymous_1)","decl":{"start":{"line":20,"column":2},"end":{"line":20,"column":3}},"loc":{"start":{"line":20,"column":37},"end":{"line":22,"column":3}},"line":20},"2":{"name":"(anonymous_2)","decl":{"start":{"line":28,"column":2},"end":{"line":28,"column":3}},"loc":{"start":{"line":28,"column":40},"end":{"line":30,"column":3}},"line":28},"3":{"name":"(anonymous_3)","decl":{"start":{"line":36,"column":2},"end":{"line":36,"column":3}},"loc":{"start":{"line":36,"column":39},"end":{"line":38,"column":3}},"line":36},"4":{"name":"(anonymous_4)","decl":{"start":{"line":44,"column":2},"end":{"line":44,"column":3}},"loc":{"start":{"line":44,"column":39},"end":{"line":46,"column":3}},"line":44}},"branchMap":{"0":{"loc":{"start":{"line":20,"column":14},"end":{"line":20,"column":35}},"type":"default-arg","locations":[{"start":{"line":20,"column":24},"end":{"line":20,"column":35}}],"line":20},"1":{"loc":{"start":{"line":28,"column":14},"end":{"line":28,"column":38}},"type":"default-arg","locations":[{"start":{"line":28,"column":24},"end":{"line":28,"column":38}}],"line":28},"2":{"loc":{"start":{"line":36,"column":14},"end":{"line":36,"column":37}},"type":"default-arg","locations":[{"start":{"line":36,"column":24},"end":{"line":36,"column":37}}],"line":36},"3":{"loc":{"start":{"line":44,"column":14},"end":{"line":44,"column":37}},"type":"default-arg","locations":[{"start":{"line":44,"column":24},"end":{"line":44,"column":37}}],"line":44}},"s":{"0":68,"1":68,"2":68,"3":18,"4":26,"5":24,"6":0,"7":10},"f":{"0":68,"1":18,"2":26,"3":24,"4":0},"b":{"0":[2],"1":[22],"2":[0],"3":[0]},"_coverageSchema":"1a1c01bbd47fc00a2c39e90264f33305004495a9","hash":"9a1b1325b178722e1319f0a4e32760c2f4d1f5e6"}
,"/Users/spencertaira/rithm/exercises/node-express/Express-Jobly/helpers/sql.js": {"path":"/Users/spencertaira/rithm/exercises/node-express/Express-Jobly/helpers/sql.js","statementMap":{"0":{"start":{"line":3,"column":28},"end":{"line":3,"column":54}},"1":{"start":{"line":14,"column":15},"end":{"line":14,"column":40}},"2":{"start":{"line":15,"column":2},"end":{"line":15,"column":62}},"3":{"start":{"line":15,"column":25},"end":{"line":15,"column":62}},"4":{"start":{"line":18,"column":15},"end":{"line":20,"column":3}},"5":{"start":{"line":19,"column":6},"end":{"line":19,"column":52}},"6":{"start":{"line":22,"column":2},"end":{"line":25,"column":4}},"7":{"start":{"line":29,"column":0},"end":{"line":29,"column":41}}},"fnMap":{"0":{"name":"sqlForPartialUpdate","decl":{"start":{"line":13,"column":9},"end":{"line":13,"column":28}},"loc":{"start":{"line":13,"column":52},"end":{"line":26,"column":1}},"line":13},"1":{"name":"(anonymous_1)","decl":{"start":{"line":18,"column":24},"end":{"line":18,"column":25}},"loc":{"start":{"line":19,"column":6},"end":{"line":19,"column":52}},"line":19}},"branchMap":{"0":{"loc":{"start":{"line":15,"column":2},"end":{"line":15,"column":62}},"type":"if","locations":[{"start":{"line":15,"column":2},"end":{"line":15,"column":62}},{"start":{},"end":{}}],"line":15},"1":{"loc":{"start":{"line":19,"column":10},"end":{"line":19,"column":37}},"type":"binary-expr","locations":[{"start":{"line":19,"column":10},"end":{"line":19,"column":26}},{"start":{"line":19,"column":30},"end":{"line":19,"column":37}}],"line":19}},"s":{"0":9,"1":20,"2":20,"3":3,"4":17,"5":39,"6":17,"7":9},"f":{"0":20,"1":39},"b":{"0":[3,17],"1":[39,22]},"_coverageSchema":"1a1c01bbd47fc00a2c39e90264f33305004495a9","hash":"2c95f08c8bd6160aef4d91cdec33d0b6a652c9dc"}
,"/Users/spencertaira/rithm/exercises/node-express/Express-Jobly/helpers/tokens.js": {"path":"/Users/spencertaira/rithm/exercises/node-express/Express-Jobly/helpers/tokens.js","statementMap":{"0":{"start":{"line":3,"column":12},"end":{"line":3,"column":35}},"1":{"start":{"line":4,"column":23},"end":{"line":4,"column":43}},"2":{"start":{"line":9,"column":2},"end":{"line":10,"column":58}},"3":{"start":{"line":12,"column":16},"end":{"line":15,"column":3}},"4":{"start":{"line":16,"column":2},"end":{"line":16,"column":22}},"5":{"start":{"line":17,"column":2},"end":{"line":17,"column":39}},"6":{"start":{"line":20,"column":0},"end":{"line":20,"column":33}}},"fnMap":{"0":{"name":"createToken","decl":{"start":{"line":8,"column":9},"end":{"line":8,"column":20}},"loc":{"start":{"line":8,"column":27},"end":{"line":18,"column":1}},"line":8}},"branchMap":{"0":{"loc":{"start":{"line":14,"column":13},"end":{"line":14,"column":34}},"type":"binary-expr","locations":[{"start":{"line":14,"column":13},"end":{"line":14,"column":25}},{"start":{"line":14,"column":29},"end":{"line":14,"column":34}}],"line":14}},"s":{"0":6,"1":6,"2":19,"3":19,"4":19,"5":19,"6":6},"f":{"0":19},"b":{"0":[19,13]},"_coverageSchema":"1a1c01bbd47fc00a2c39e90264f33305004495a9","hash":"7e2bee138565b36fecac50fa8c2ccfa63f7e8bdd"}
,"/Users/spencertaira/rithm/exercises/node-express/Express-Jobly/middleware/auth.js": {"path":"/Users/spencertaira/rithm/exercises/node-express/Express-Jobly/middleware/auth.js","statementMap":{"0":{"start":{"line":5,"column":12},"end":{"line":5,"column":35}},"1":{"start":{"line":6,"column":23},"end":{"line":6,"column":43}},"2":{"start":{"line":7,"column":30},"end":{"line":7,"column":56}},"3":{"start":{"line":19,"column":2},"end":{"line":28,"column":3}},"4":{"start":{"line":20,"column":23},"end":{"line":20,"column":63}},"5":{"start":{"line":21,"column":4},"end":{"line":24,"column":5}},"6":{"start":{"line":22,"column":20},"end":{"line":22,"column":64}},"7":{"start":{"line":23,"column":6},"end":{"line":23,"column":54}},"8":{"start":{"line":25,"column":4},"end":{"line":25,"column":18}},"9":{"start":{"line":27,"column":4},"end":{"line":27,"column":18}},"10":{"start":{"line":37,"column":2},"end":{"line":37,"column":54}},"11":{"start":{"line":37,"column":24},"end":{"line":37,"column":54}},"12":{"start":{"line":38,"column":2},"end":{"line":38,"column":16}},"13":{"start":{"line":51,"column":2},"end":{"line":51,"column":71}},"14":{"start":{"line":51,"column":41},"end":{"line":51,"column":71}},"15":{"start":{"line":52,"column":2},"end":{"line":52,"column":16}},"16":{"start":{"line":63,"column":2},"end":{"line":66,"column":3}},"17":{"start":{"line":65,"column":4},"end":{"line":65,"column":18}},"18":{"start":{"line":68,"column":2},"end":{"line":68,"column":32}},"19":{"start":{"line":71,"column":0},"end":{"line":76,"column":2}}},"fnMap":{"0":{"name":"authenticateJWT","decl":{"start":{"line":18,"column":9},"end":{"line":18,"column":24}},"loc":{"start":{"line":18,"column":41},"end":{"line":29,"column":1}},"line":18},"1":{"name":"ensureLoggedIn","decl":{"start":{"line":36,"column":9},"end":{"line":36,"column":23}},"loc":{"start":{"line":36,"column":40},"end":{"line":39,"column":1}},"line":36},"2":{"name":"ensureIsAdmin","decl":{"start":{"line":50,"column":9},"end":{"line":50,"column":22}},"loc":{"start":{"line":50,"column":39},"end":{"line":53,"column":1}},"line":50},"3":{"name":"ensureCorrectUserOrAdmin","decl":{"start":{"line":62,"column":9},"end":{"line":62,"column":33}},"loc":{"start":{"line":62,"column":50},"end":{"line":69,"column":1}},"line":62}},"branchMap":{"0":{"loc":{"start":{"line":20,"column":23},"end":{"line":20,"column":63}},"type":"binary-expr","locations":[{"start":{"line":20,"column":23},"end":{"line":20,"column":34}},{"start":{"line":20,"column":38},"end":{"line":20,"column":63}}],"line":20},"1":{"loc":{"start":{"line":21,"column":4},"end":{"line":24,"column":5}},"type":"if","locations":[{"start":{"line":21,"column":4},"end":{"line":24,"column":5}},{"start":{},"end":{}}],"line":21},"2":{"loc":{"start":{"line":37,"column":2},"end":{"line":37,"column":54}},"type":"if","locations":[{"start":{"line":37,"column":2},"end":{"line":37,"column":54}},{"start":{},"end":{}}],"line":37},"3":{"loc":{"start":{"line":51,"column":2},"end":{"line":51,"column":71}},"type":"if","locations":[{"start":{"line":51,"column":2},"end":{"line":51,"column":71}},{"start":{},"end":{}}],"line":51},"4":{"loc":{"start":{"line":63,"column":2},"end":{"line":66,"column":3}},"type":"if","locations":[{"start":{"line":63,"column":2},"end":{"line":66,"column":3}},{"start":{},"end":{}}],"line":63},"5":{"loc":{"start":{"line":63,"column":6},"end":{"line":64,"column":37}},"type":"binary-expr","locations":[{"start":{"line":63,"column":6},"end":{"line":63,"column":55}},{"start":{"line":64,"column":4},"end":{"line":64,"column":37}}],"line":63}},"s":{"0":6,"1":6,"2":6,"3":73,"4":73,"5":73,"6":45,"7":45,"8":72,"9":1,"10":2,"11":1,"12":1,"13":33,"14":13,"15":20,"16":22,"17":14,"18":8,"19":6},"f":{"0":73,"1":2,"2":33,"3":22},"b":{"0":[73,72],"1":[45,28],"2":[1,1],"3":[13,20],"4":[14,8],"5":[22,16]},"_coverageSchema":"1a1c01bbd47fc00a2c39e90264f33305004495a9","hash":"49e879ec1e7e158ea4645b6768ebc129011bbc61"}
,"/Users/spencertaira/rithm/exercises/node-express/Express-Jobly/models/_testCommon.js": {"path":"/Users/spencertaira/rithm/exercises/node-express/Express-Jobly/models/_testCommon.js","statementMap":{"0":{"start":{"line":3,"column":15},"end":{"line":3,"column":32}},"1":{"start":{"line":5,"column":11},"end":{"line":5,"column":30}},"2":{"start":{"line":6,"column":31},"end":{"line":6,"column":51}},"3":{"start":{"line":10,"column":2},"end":{"line":10,"column":42}},"4":{"start":{"line":12,"column":2},"end":{"line":12,"column":38}},"5":{"start":{"line":13,"column":2},"end":{"line":13,"column":37}},"6":{"start":{"line":14,"column":2},"end":{"line":18,"column":55}},"7":{"start":{"line":20,"column":2},"end":{"line":32,"column":7}},"8":{"start":{"line":33,"column":2},"end":{"line":35,"column":5}},"9":{"start":{"line":37,"column":2},"end":{"line":41,"column":43}},"10":{"start":{"line":45,"column":2},"end":{"line":45,"column":26}},"11":{"start":{"line":49,"column":2},"end":{"line":49,"column":29}},"12":{"start":{"line":53,"column":2},"end":{"line":53,"column":17}},"13":{"start":{"line":57,"column":0},"end":{"line":62,"column":2}}},"fnMap":{"0":{"name":"commonBeforeAll","decl":{"start":{"line":8,"column":15},"end":{"line":8,"column":30}},"loc":{"start":{"line":8,"column":33},"end":{"line":42,"column":1}},"line":8},"1":{"name":"commonBeforeEach","decl":{"start":{"line":44,"column":15},"end":{"line":44,"column":31}},"loc":{"start":{"line":44,"column":34},"end":{"line":46,"column":1}},"line":44},"2":{"name":"commonAfterEach","decl":{"start":{"line":48,"column":15},"end":{"line":48,"column":30}},"loc":{"start":{"line":48,"column":33},"end":{"line":50,"column":1}},"line":48},"3":{"name":"commonAfterAll","decl":{"start":{"line":52,"column":15},"end":{"line":52,"column":29}},"loc":{"start":{"line":52,"column":32},"end":{"line":54,"column":1}},"line":52}},"branchMap":{},"s":{"0":3,"1":3,"2":3,"3":3,"4":3,"5":3,"6":3,"7":3,"8":3,"9":3,"10":47,"11":47,"12":3,"13":3},"f":{"0":3,"1":47,"2":47,"3":3},"b":{},"_coverageSchema":"1a1c01bbd47fc00a2c39e90264f33305004495a9","hash":"b88493096b2d6fb919fef8bc25be7e2d0837b0eb"}
,"/Users/spencertaira/rithm/exercises/node-express/Express-Jobly/models/company.js": {"path":"/Users/spencertaira/rithm/exercises/node-express/Express-Jobly/models/company.js","statementMap":{"0":{"start":{"line":3,"column":11},"end":{"line":3,"column":27}},"1":{"start":{"line":4,"column":43},"end":{"line":4,"column":69}},"2":{"start":{"line":5,"column":32},"end":{"line":5,"column":57}},"3":{"start":{"line":20,"column":27},"end":{"line":24,"column":15}},"4":{"start":{"line":26,"column":4},"end":{"line":27,"column":64}},"5":{"start":{"line":27,"column":6},"end":{"line":27,"column":64}},"6":{"start":{"line":29,"column":19},"end":{"line":46,"column":5}},"7":{"start":{"line":47,"column":20},"end":{"line":47,"column":34}},"8":{"start":{"line":49,"column":4},"end":{"line":49,"column":19}},"9":{"start":{"line":58,"column":25},"end":{"line":65,"column":26}},"10":{"start":{"line":66,"column":4},"end":{"line":66,"column":29}},"11":{"start":{"line":78,"column":23},"end":{"line":86,"column":15}},"12":{"start":{"line":88,"column":20},"end":{"line":88,"column":38}},"13":{"start":{"line":90,"column":4},"end":{"line":90,"column":67}},"14":{"start":{"line":90,"column":18},"end":{"line":90,"column":67}},"15":{"start":{"line":92,"column":4},"end":{"line":92,"column":19}},"16":{"start":{"line":108,"column":32},"end":{"line":113,"column":8}},"17":{"start":{"line":114,"column":25},"end":{"line":114,"column":50}},"18":{"start":{"line":116,"column":21},"end":{"line":120,"column":100}},"19":{"start":{"line":121,"column":19},"end":{"line":121,"column":64}},"20":{"start":{"line":122,"column":20},"end":{"line":122,"column":34}},"21":{"start":{"line":124,"column":4},"end":{"line":124,"column":67}},"22":{"start":{"line":124,"column":18},"end":{"line":124,"column":67}},"23":{"start":{"line":126,"column":4},"end":{"line":126,"column":19}},"24":{"start":{"line":135,"column":19},"end":{"line":140,"column":15}},"25":{"start":{"line":141,"column":20},"end":{"line":141,"column":34}},"26":{"start":{"line":143,"column":4},"end":{"line":143,"column":67}},"27":{"start":{"line":143,"column":18},"end":{"line":143,"column":67}},"28":{"start":{"line":158,"column":4},"end":{"line":162,"column":5}},"29":{"start":{"line":159,"column":6},"end":{"line":161,"column":7}},"30":{"start":{"line":160,"column":8},"end":{"line":160,"column":78}},"31":{"start":{"line":164,"column":32},"end":{"line":164,"column":62}},"32":{"start":{"line":167,"column":20},"end":{"line":178,"column":5}},"33":{"start":{"line":179,"column":4},"end":{"line":179,"column":30}},"34":{"start":{"line":180,"column":4},"end":{"line":180,"column":24}},"35":{"start":{"line":202,"column":17},"end":{"line":202,"column":42}},"36":{"start":{"line":203,"column":19},"end":{"line":203,"column":46}},"37":{"start":{"line":204,"column":4},"end":{"line":204,"column":64}},"38":{"start":{"line":204,"column":27},"end":{"line":204,"column":64}},"39":{"start":{"line":206,"column":20},"end":{"line":217,"column":6}},"40":{"start":{"line":207,"column":6},"end":{"line":210,"column":7}},"41":{"start":{"line":208,"column":8},"end":{"line":208,"column":46}},"42":{"start":{"line":209,"column":8},"end":{"line":209,"column":45}},"43":{"start":{"line":211,"column":6},"end":{"line":213,"column":7}},"44":{"start":{"line":212,"column":8},"end":{"line":212,"column":46}},"45":{"start":{"line":214,"column":6},"end":{"line":216,"column":7}},"46":{"start":{"line":215,"column":8},"end":{"line":215,"column":46}},"47":{"start":{"line":219,"column":4},"end":{"line":222,"column":6}},"48":{"start":{"line":229,"column":0},"end":{"line":229,"column":25}}},"fnMap":{"0":{"name":"(anonymous_0)","decl":{"start":{"line":19,"column":2},"end":{"line":19,"column":3}},"loc":{"start":{"line":19,"column":76},"end":{"line":50,"column":3}},"line":19},"1":{"name":"(anonymous_1)","decl":{"start":{"line":57,"column":2},"end":{"line":57,"column":3}},"loc":{"start":{"line":57,"column":25},"end":{"line":67,"column":3}},"line":57},"2":{"name":"(anonymous_2)","decl":{"start":{"line":77,"column":2},"end":{"line":77,"column":3}},"loc":{"start":{"line":77,"column":27},"end":{"line":93,"column":3}},"line":77},"3":{"name":"(anonymous_3)","decl":{"start":{"line":107,"column":2},"end":{"line":107,"column":3}},"loc":{"start":{"line":107,"column":36},"end":{"line":127,"column":3}},"line":107},"4":{"name":"(anonymous_4)","decl":{"start":{"line":134,"column":2},"end":{"line":134,"column":3}},"loc":{"start":{"line":134,"column":30},"end":{"line":144,"column":3}},"line":134},"5":{"name":"(anonymous_5)","decl":{"start":{"line":157,"column":2},"end":{"line":157,"column":3}},"loc":{"start":{"line":157,"column":28},"end":{"line":181,"column":3}},"line":157},"6":{"name":"(anonymous_6)","decl":{"start":{"line":201,"column":2},"end":{"line":201,"column":3}},"loc":{"start":{"line":201,"column":43},"end":{"line":223,"column":3}},"line":201},"7":{"name":"(anonymous_7)","decl":{"start":{"line":206,"column":29},"end":{"line":206,"column":30}},"loc":{"start":{"line":206,"column":46},"end":{"line":217,"column":5}},"line":206}},"branchMap":{"0":{"loc":{"start":{"line":26,"column":4},"end":{"line":27,"column":64}},"type":"if","locations":[{"start":{"line":26,"column":4},"end":{"line":27,"column":64}},{"start":{},"end":{}}],"line":26},"1":{"loc":{"start":{"line":90,"column":4},"end":{"line":90,"column":67}},"type":"if","locations":[{"start":{"line":90,"column":4},"end":{"line":90,"column":67}},{"start":{},"end":{}}],"line":90},"2":{"loc":{"start":{"line":124,"column":4},"end":{"line":124,"column":67}},"type":"if","locations":[{"start":{"line":124,"column":4},"end":{"line":124,"column":67}},{"start":{},"end":{}}],"line":124},"3":{"loc":{"start":{"line":143,"column":4},"end":{"line":143,"column":67}},"type":"if","locations":[{"start":{"line":143,"column":4},"end":{"line":143,"column":67}},{"start":{},"end":{}}],"line":143},"4":{"loc":{"start":{"line":158,"column":4},"end":{"line":162,"column":5}},"type":"if","locations":[{"start":{"line":158,"column":4},"end":{"line":162,"column":5}},{"start":{},"end":{}}],"line":158},"5":{"loc":{"start":{"line":158,"column":8},"end":{"line":158,"column":56}},"type":"binary-expr","locations":[{"start":{"line":158,"column":8},"end":{"line":158,"column":30}},{"start":{"line":158,"column":34},"end":{"line":158,"column":56}}],"line":158},"6":{"loc":{"start":{"line":159,"column":6},"end":{"line":161,"column":7}},"type":"if","locations":[{"start":{"line":159,"column":6},"end":{"line":161,"column":7}},{"start":{},"end":{}}],"line":159},"7":{"loc":{"start":{"line":204,"column":4},"end":{"line":204,"column":64}},"type":"if","locations":[{"start":{"line":204,"column":4},"end":{"line":204,"column":64}},{"start":{},"end":{}}],"line":204},"8":{"loc":{"start":{"line":207,"column":6},"end":{"line":210,"column":7}},"type":"if","locations":[{"start":{"line":207,"column":6},"end":{"line":210,"column":7}},{"start":{},"end":{}}],"line":207},"9":{"loc":{"start":{"line":211,"column":6},"end":{"line":213,"column":7}},"type":"if","locations":[{"start":{"line":211,"column":6},"end":{"line":213,"column":7}},{"start":{},"end":{}}],"line":211},"10":{"loc":{"start":{"line":214,"column":6},"end":{"line":216,"column":7}},"type":"if","locations":[{"start":{"line":214,"column":6},"end":{"line":216,"column":7}},{"start":{},"end":{}}],"line":214}},"s":{"0":6,"1":6,"2":6,"3":16,"4":16,"5":1,"6":15,"7":15,"8":15,"9":3,"10":2,"11":5,"12":5,"13":5,"14":2,"15":3,"16":6,"17":5,"18":5,"19":5,"20":5,"21":5,"22":2,"23":3,"24":4,"25":4,"26":4,"27":2,"28":4,"29":3,"30":1,"31":3,"32":3,"33":3,"34":3,"35":5,"36":5,"37":5,"38":1,"39":4,"40":9,"41":3,"42":3,"43":6,"44":3,"45":3,"46":3,"47":4,"48":6},"f":{"0":16,"1":3,"2":5,"3":6,"4":4,"5":4,"6":5,"7":9},"b":{"0":[1,15],"1":[2,3],"2":[2,3],"3":[2,2],"4":[3,1],"5":[4,3],"6":[1,2],"7":[1,4],"8":[3,6],"9":[3,3],"10":[3,0]},"_coverageSchema":"1a1c01bbd47fc00a2c39e90264f33305004495a9","hash":"c4163bce580772cc63b2ccaf5ca3fad645548005"}
,"/Users/spencertaira/rithm/exercises/node-express/Express-Jobly/models/job.js": {"path":"/Users/spencertaira/rithm/exercises/node-express/Express-Jobly/models/job.js","statementMap":{"0":{"start":{"line":3,"column":11},"end":{"line":3,"column":27}},"1":{"start":{"line":4,"column":43},"end":{"line":4,"column":69}},"2":{"start":{"line":5,"column":32},"end":{"line":5,"column":57}},"3":{"start":{"line":21,"column":27},"end":{"line":25,"column":14}},"4":{"start":{"line":27,"column":4},"end":{"line":28,"column":59}},"5":{"start":{"line":28,"column":6},"end":{"line":28,"column":59}},"6":{"start":{"line":29,"column":26},"end":{"line":34,"column":5}},"7":{"start":{"line":35,"column":4},"end":{"line":35,"column":93}},"8":{"start":{"line":35,"column":32},"end":{"line":35,"column":93}},"9":{"start":{"line":36,"column":19},"end":{"line":54,"column":5}},"10":{"start":{"line":55,"column":16},"end":{"line":55,"column":30}},"11":{"start":{"line":57,"column":4},"end":{"line":57,"column":15}},"12":{"start":{"line":65,"column":20},"end":{"line":71,"column":27}},"13":{"start":{"line":72,"column":4},"end":{"line":72,"column":24}},"14":{"start":{"line":84,"column":19},"end":{"line":91,"column":11}},"15":{"start":{"line":93,"column":16},"end":{"line":93,"column":30}},"16":{"start":{"line":95,"column":4},"end":{"line":95,"column":55}},"17":{"start":{"line":95,"column":14},"end":{"line":95,"column":55}},"18":{"start":{"line":97,"column":4},"end":{"line":97,"column":15}},"19":{"start":{"line":113,"column":32},"end":{"line":117,"column":8}},"20":{"start":{"line":118,"column":21},"end":{"line":118,"column":46}},"21":{"start":{"line":120,"column":21},"end":{"line":124,"column":77}},"22":{"start":{"line":125,"column":19},"end":{"line":125,"column":60}},"23":{"start":{"line":126,"column":16},"end":{"line":126,"column":30}},"24":{"start":{"line":128,"column":4},"end":{"line":128,"column":55}},"25":{"start":{"line":128,"column":14},"end":{"line":128,"column":55}},"26":{"start":{"line":130,"column":4},"end":{"line":130,"column":15}},"27":{"start":{"line":139,"column":19},"end":{"line":144,"column":11}},"28":{"start":{"line":145,"column":16},"end":{"line":145,"column":30}},"29":{"start":{"line":147,"column":4},"end":{"line":147,"column":56}},"30":{"start":{"line":147,"column":14},"end":{"line":147,"column":56}},"31":{"start":{"line":234,"column":0},"end":{"line":234,"column":21}}},"fnMap":{"0":{"name":"(anonymous_0)","decl":{"start":{"line":20,"column":2},"end":{"line":20,"column":3}},"loc":{"start":{"line":20,"column":64},"end":{"line":58,"column":3}},"line":20},"1":{"name":"(anonymous_1)","decl":{"start":{"line":64,"column":2},"end":{"line":64,"column":3}},"loc":{"start":{"line":64,"column":25},"end":{"line":73,"column":3}},"line":64},"2":{"name":"(anonymous_2)","decl":{"start":{"line":83,"column":2},"end":{"line":83,"column":3}},"loc":{"start":{"line":83,"column":23},"end":{"line":98,"column":3}},"line":83},"3":{"name":"(anonymous_3)","decl":{"start":{"line":112,"column":2},"end":{"line":112,"column":3}},"loc":{"start":{"line":112,"column":32},"end":{"line":131,"column":3}},"line":112},"4":{"name":"(anonymous_4)","decl":{"start":{"line":138,"column":2},"end":{"line":138,"column":3}},"loc":{"start":{"line":138,"column":26},"end":{"line":148,"column":3}},"line":138}},"branchMap":{"0":{"loc":{"start":{"line":27,"column":4},"end":{"line":28,"column":59}},"type":"if","locations":[{"start":{"line":27,"column":4},"end":{"line":28,"column":59}},{"start":{},"end":{}}],"line":27},"1":{"loc":{"start":{"line":35,"column":4},"end":{"line":35,"column":93}},"type":"if","locations":[{"start":{"line":35,"column":4},"end":{"line":35,"column":93}},{"start":{},"end":{}}],"line":35},"2":{"loc":{"start":{"line":95,"column":4},"end":{"line":95,"column":55}},"type":"if","locations":[{"start":{"line":95,"column":4},"end":{"line":95,"column":55}},{"start":{},"end":{}}],"line":95},"3":{"loc":{"start":{"line":128,"column":4},"end":{"line":128,"column":55}},"type":"if","locations":[{"start":{"line":128,"column":4},"end":{"line":128,"column":55}},{"start":{},"end":{}}],"line":128},"4":{"loc":{"start":{"line":147,"column":4},"end":{"line":147,"column":56}},"type":"if","locations":[{"start":{"line":147,"column":4},"end":{"line":147,"column":56}},{"start":{},"end":{}}],"line":147}},"s":{"0":6,"1":6,"2":6,"3":17,"4":17,"5":1,"6":16,"7":16,"8":1,"9":15,"10":15,"11":15,"12":3,"13":2,"14":4,"15":4,"16":4,"17":2,"18":2,"19":4,"20":3,"21":3,"22":3,"23":3,"24":3,"25":1,"26":2,"27":2,"28":2,"29":2,"30":1,"31":6},"f":{"0":17,"1":3,"2":4,"3":4,"4":2},"b":{"0":[1,16],"1":[1,15],"2":[2,2],"3":[1,2],"4":[1,1]},"_coverageSchema":"1a1c01bbd47fc00a2c39e90264f33305004495a9","hash":"2e60fd1b617caaf3e1d312293f6cfc092237b35b"}
,"/Users/spencertaira/rithm/exercises/node-express/Express-Jobly/models/user.js": {"path":"/Users/spencertaira/rithm/exercises/node-express/Express-Jobly/models/user.js","statementMap":{"0":{"start":{"line":3,"column":11},"end":{"line":3,"column":27}},"1":{"start":{"line":4,"column":15},"end":{"line":4,"column":32}},"2":{"start":{"line":5,"column":32},"end":{"line":5,"column":57}},"3":{"start":{"line":10,"column":4},"end":{"line":10,"column":30}},"4":{"start":{"line":12,"column":31},"end":{"line":12,"column":54}},"5":{"start":{"line":26,"column":19},"end":{"line":36,"column":5}},"6":{"start":{"line":38,"column":17},"end":{"line":38,"column":31}},"7":{"start":{"line":40,"column":4},"end":{"line":47,"column":5}},"8":{"start":{"line":42,"column":22},"end":{"line":42,"column":67}},"9":{"start":{"line":43,"column":6},"end":{"line":46,"column":7}},"10":{"start":{"line":44,"column":8},"end":{"line":44,"column":29}},"11":{"start":{"line":45,"column":8},"end":{"line":45,"column":20}},"12":{"start":{"line":49,"column":4},"end":{"line":49,"column":61}},"13":{"start":{"line":61,"column":27},"end":{"line":66,"column":5}},"14":{"start":{"line":68,"column":4},"end":{"line":70,"column":5}},"15":{"start":{"line":69,"column":6},"end":{"line":69,"column":67}},"16":{"start":{"line":72,"column":27},"end":{"line":72,"column":74}},"17":{"start":{"line":74,"column":19},"end":{"line":92,"column":5}},"18":{"start":{"line":94,"column":17},"end":{"line":94,"column":31}},"19":{"start":{"line":96,"column":4},"end":{"line":96,"column":16}},"20":{"start":{"line":105,"column":19},"end":{"line":113,"column":5}},"21":{"start":{"line":115,"column":4},"end":{"line":115,"column":23}},"22":{"start":{"line":127,"column":20},"end":{"line":136,"column":5}},"23":{"start":{"line":138,"column":17},"end":{"line":138,"column":32}},"24":{"start":{"line":140,"column":4},"end":{"line":140,"column":63}},"25":{"start":{"line":140,"column":15},"end":{"line":140,"column":63}},"26":{"start":{"line":142,"column":4},"end":{"line":142,"column":16}},"27":{"start":{"line":163,"column":4},"end":{"line":165,"column":5}},"28":{"start":{"line":164,"column":6},"end":{"line":164,"column":75}},"29":{"start":{"line":167,"column":32},"end":{"line":173,"column":10}},"30":{"start":{"line":174,"column":27},"end":{"line":174,"column":52}},"31":{"start":{"line":176,"column":21},"end":{"line":183,"column":54}},"32":{"start":{"line":184,"column":19},"end":{"line":184,"column":66}},"33":{"start":{"line":185,"column":17},"end":{"line":185,"column":31}},"34":{"start":{"line":187,"column":4},"end":{"line":187,"column":63}},"35":{"start":{"line":187,"column":15},"end":{"line":187,"column":63}},"36":{"start":{"line":189,"column":4},"end":{"line":189,"column":25}},"37":{"start":{"line":190,"column":4},"end":{"line":190,"column":16}},"38":{"start":{"line":196,"column":17},"end":{"line":202,"column":5}},"39":{"start":{"line":203,"column":17},"end":{"line":203,"column":31}},"40":{"start":{"line":205,"column":4},"end":{"line":205,"column":63}},"41":{"start":{"line":205,"column":15},"end":{"line":205,"column":63}},"42":{"start":{"line":210,"column":0},"end":{"line":210,"column":22}}},"fnMap":{"0":{"name":"(anonymous_0)","decl":{"start":{"line":24,"column":2},"end":{"line":24,"column":3}},"loc":{"start":{"line":24,"column":48},"end":{"line":50,"column":3}},"line":24},"1":{"name":"(anonymous_1)","decl":{"start":{"line":59,"column":2},"end":{"line":59,"column":3}},"loc":{"start":{"line":60,"column":67},"end":{"line":97,"column":3}},"line":60},"2":{"name":"(anonymous_2)","decl":{"start":{"line":104,"column":2},"end":{"line":104,"column":3}},"loc":{"start":{"line":104,"column":25},"end":{"line":116,"column":3}},"line":104},"3":{"name":"(anonymous_3)","decl":{"start":{"line":126,"column":2},"end":{"line":126,"column":3}},"loc":{"start":{"line":126,"column":29},"end":{"line":143,"column":3}},"line":126},"4":{"name":"(anonymous_4)","decl":{"start":{"line":162,"column":2},"end":{"line":162,"column":3}},"loc":{"start":{"line":162,"column":38},"end":{"line":191,"column":3}},"line":162},"5":{"name":"(anonymous_5)","decl":{"start":{"line":195,"column":2},"end":{"line":195,"column":3}},"loc":{"start":{"line":195,"column":32},"end":{"line":206,"column":3}},"line":195}},"branchMap":{"0":{"loc":{"start":{"line":40,"column":4},"end":{"line":47,"column":5}},"type":"if","locations":[{"start":{"line":40,"column":4},"end":{"line":47,"column":5}},{"start":{},"end":{}}],"line":40},"1":{"loc":{"start":{"line":43,"column":6},"end":{"line":46,"column":7}},"type":"if","locations":[{"start":{"line":43,"column":6},"end":{"line":46,"column":7}},{"start":{},"end":{}}],"line":43},"2":{"loc":{"start":{"line":68,"column":4},"end":{"line":70,"column":5}},"type":"if","locations":[{"start":{"line":68,"column":4},"end":{"line":70,"column":5}},{"start":{},"end":{}}],"line":68},"3":{"loc":{"start":{"line":140,"column":4},"end":{"line":140,"column":63}},"type":"if","locations":[{"start":{"line":140,"column":4},"end":{"line":140,"column":63}},{"start":{},"end":{}}],"line":140},"4":{"loc":{"start":{"line":163,"column":4},"end":{"line":165,"column":5}},"type":"if","locations":[{"start":{"line":163,"column":4},"end":{"line":165,"column":5}},{"start":{},"end":{}}],"line":163},"5":{"loc":{"start":{"line":187,"column":4},"end":{"line":187,"column":63}},"type":"if","locations":[{"start":{"line":187,"column":4},"end":{"line":187,"column":63}},{"start":{},"end":{}}],"line":187},"6":{"loc":{"start":{"line":205,"column":4},"end":{"line":205,"column":63}},"type":"if","locations":[{"start":{"line":205,"column":4},"end":{"line":205,"column":63}},{"start":{},"end":{}}],"line":205}},"s":{"0":6,"1":6,"2":6,"3":6,"4":6,"5":8,"6":8,"7":8,"8":5,"9":5,"10":4,"11":4,"12":4,"13":23,"14":23,"15":1,"16":22,"17":22,"18":22,"19":22,"20":3,"21":2,"22":5,"23":5,"24":5,"25":2,"26":3,"27":9,"28":3,"29":9,"30":8,"31":8,"32":8,"33":8,"34":8,"35":2,"36":6,"37":6,"38":5,"39":5,"40":5,"41":2,"42":6},"f":{"0":8,"1":23,"2":3,"3":5,"4":9,"5":5},"b":{"0":[5,3],"1":[4,1],"2":[1,22],"3":[2,3],"4":[3,6],"5":[2,6],"6":[2,3]},"_coverageSchema":"1a1c01bbd47fc00a2c39e90264f33305004495a9","hash":"c189d9f7521875737cf21e49d5c36a20ce39c8e8"}
,"/Users/spencertaira/rithm/exercises/node-express/Express-Jobly/routes/_testCommon.js": {"path":"/Users/spencertaira/rithm/exercises/node-express/Express-Jobly/routes/_testCommon.js","statementMap":{"0":{"start":{"line":3,"column":11},"end":{"line":3,"column":30}},"1":{"start":{"line":4,"column":13},"end":{"line":4,"column":38}},"2":{"start":{"line":5,"column":16},"end":{"line":5,"column":44}},"3":{"start":{"line":6,"column":24},"end":{"line":6,"column":52}},"4":{"start":{"line":7,"column":12},"end":{"line":7,"column":39}},"5":{"start":{"line":14,"column":2},"end":{"line":14,"column":38}},"6":{"start":{"line":16,"column":2},"end":{"line":16,"column":42}},"7":{"start":{"line":18,"column":2},"end":{"line":25,"column":7}},"8":{"start":{"line":26,"column":2},"end":{"line":33,"column":7}},"9":{"start":{"line":34,"column":2},"end":{"line":41,"column":7}},"10":{"start":{"line":43,"column":2},"end":{"line":50,"column":5}},"11":{"start":{"line":51,"column":2},"end":{"line":58,"column":5}},"12":{"start":{"line":59,"column":2},"end":{"line":66,"column":5}},"13":{"start":{"line":67,"column":2},"end":{"line":74,"column":5}},"14":{"start":{"line":75,"column":2},"end":{"line":77,"column":5}},"15":{"start":{"line":79,"column":2},"end":{"line":85,"column":7}},"16":{"start":{"line":86,"column":2},"end":{"line":92,"column":7}},"17":{"start":{"line":93,"column":2},"end":{"line":99,"column":7}},"18":{"start":{"line":103,"column":2},"end":{"line":103,"column":26}},"19":{"start":{"line":107,"column":2},"end":{"line":107,"column":29}},"20":{"start":{"line":111,"column":2},"end":{"line":111,"column":17}},"21":{"start":{"line":115,"column":16},"end":{"line":115,"column":63}},"22":{"start":{"line":116,"column":16},"end":{"line":116,"column":63}},"23":{"start":{"line":117,"column":19},"end":{"line":117,"column":68}},"24":{"start":{"line":119,"column":0},"end":{"line":127,"column":2}}},"fnMap":{"0":{"name":"commonBeforeAll","decl":{"start":{"line":12,"column":15},"end":{"line":12,"column":30}},"loc":{"start":{"line":12,"column":33},"end":{"line":100,"column":1}},"line":12},"1":{"name":"commonBeforeEach","decl":{"start":{"line":102,"column":15},"end":{"line":102,"column":31}},"loc":{"start":{"line":102,"column":34},"end":{"line":104,"column":1}},"line":102},"2":{"name":"commonAfterEach","decl":{"start":{"line":106,"column":15},"end":{"line":106,"column":30}},"loc":{"start":{"line":106,"column":33},"end":{"line":108,"column":1}},"line":106},"3":{"name":"commonAfterAll","decl":{"start":{"line":110,"column":15},"end":{"line":110,"column":29}},"loc":{"start":{"line":110,"column":32},"end":{"line":112,"column":1}},"line":110}},"branchMap":{},"s":{"0":4,"1":4,"2":4,"3":4,"4":4,"5":4,"6":4,"7":4,"8":4,"9":4,"10":4,"11":4,"12":4,"13":4,"14":4,"15":4,"16":4,"17":4,"18":68,"19":68,"20":4,"21":4,"22":4,"23":4,"24":4},"f":{"0":4,"1":68,"2":68,"3":4},"b":{},"_coverageSchema":"1a1c01bbd47fc00a2c39e90264f33305004495a9","hash":"59de7baa6416e314dec0798777ca51738436ed8c"}
,"/Users/spencertaira/rithm/exercises/node-express/Express-Jobly/routes/auth.js": {"path":"/Users/spencertaira/rithm/exercises/node-express/Express-Jobly/routes/auth.js","statementMap":{"0":{"start":{"line":5,"column":19},"end":{"line":5,"column":40}},"1":{"start":{"line":7,"column":13},"end":{"line":7,"column":38}},"2":{"start":{"line":8,"column":16},"end":{"line":8,"column":34}},"3":{"start":{"line":9,"column":15},"end":{"line":9,"column":35}},"4":{"start":{"line":10,"column":24},"end":{"line":10,"column":52}},"5":{"start":{"line":11,"column":23},"end":{"line":11,"column":58}},"6":{"start":{"line":12,"column":27},"end":{"line":12,"column":66}},"7":{"start":{"line":13,"column":28},"end":{"line":13,"column":54}},"8":{"start":{"line":22,"column":0},"end":{"line":37,"column":3}},"9":{"start":{"line":23,"column":20},"end":{"line":27,"column":3}},"10":{"start":{"line":28,"column":2},"end":{"line":31,"column":3}},"11":{"start":{"line":29,"column":17},"end":{"line":29,"column":51}},"12":{"start":{"line":29,"column":43},"end":{"line":29,"column":50}},"13":{"start":{"line":30,"column":4},"end":{"line":30,"column":36}},"14":{"start":{"line":33,"column":33},"end":{"line":33,"column":41}},"15":{"start":{"line":34,"column":15},"end":{"line":34,"column":58}},"16":{"start":{"line":35,"column":16},"end":{"line":35,"column":33}},"17":{"start":{"line":36,"column":2},"end":{"line":36,"column":29}},"18":{"start":{"line":49,"column":0},"end":{"line":63,"column":3}},"19":{"start":{"line":50,"column":20},"end":{"line":54,"column":3}},"20":{"start":{"line":55,"column":2},"end":{"line":58,"column":3}},"21":{"start":{"line":56,"column":17},"end":{"line":56,"column":51}},"22":{"start":{"line":56,"column":43},"end":{"line":56,"column":50}},"23":{"start":{"line":57,"column":4},"end":{"line":57,"column":36}},"24":{"start":{"line":60,"column":18},"end":{"line":60,"column":70}},"25":{"start":{"line":61,"column":16},"end":{"line":61,"column":36}},"26":{"start":{"line":62,"column":2},"end":{"line":62,"column":41}},"27":{"start":{"line":66,"column":0},"end":{"line":66,"column":24}}},"fnMap":{"0":{"name":"(anonymous_0)","decl":{"start":{"line":22,"column":22},"end":{"line":22,"column":23}},"loc":{"start":{"line":22,"column":54},"end":{"line":37,"column":1}},"line":22},"1":{"name":"(anonymous_1)","decl":{"start":{"line":29,"column":38},"end":{"line":29,"column":39}},"loc":{"start":{"line":29,"column":43},"end":{"line":29,"column":50}},"line":29},"2":{"name":"(anonymous_2)","decl":{"start":{"line":49,"column":25},"end":{"line":49,"column":26}},"loc":{"start":{"line":49,"column":57},"end":{"line":63,"column":1}},"line":49},"3":{"name":"(anonymous_3)","decl":{"start":{"line":56,"column":38},"end":{"line":56,"column":39}},"loc":{"start":{"line":56,"column":43},"end":{"line":56,"column":50}},"line":56}},"branchMap":{"0":{"loc":{"start":{"line":28,"column":2},"end":{"line":31,"column":3}},"type":"if","locations":[{"start":{"line":28,"column":2},"end":{"line":31,"column":3}},{"start":{},"end":{}}],"line":28},"1":{"loc":{"start":{"line":55,"column":2},"end":{"line":58,"column":3}},"type":"if","locations":[{"start":{"line":55,"column":2},"end":{"line":58,"column":3}},{"start":{},"end":{}}],"line":55}},"s":{"0":5,"1":5,"2":5,"3":5,"4":5,"5":5,"6":5,"7":5,"8":5,"9":5,"10":5,"11":2,"12":2,"13":2,"14":3,"15":3,"16":1,"17":1,"18":5,"19":3,"20":3,"21":2,"22":5,"23":2,"24":1,"25":1,"26":1,"27":5},"f":{"0":5,"1":2,"2":3,"3":5},"b":{"0":[2,3],"1":[2,1]},"_coverageSchema":"1a1c01bbd47fc00a2c39e90264f33305004495a9","hash":"817a144d291e56b02a2834a618a14f084c1cbeaf"}
,"/Users/spencertaira/rithm/exercises/node-express/Express-Jobly/routes/companies.js": {"path":"/Users/spencertaira/rithm/exercises/node-express/Express-Jobly/routes/companies.js","statementMap":{"0":{"start":{"line":5,"column":19},"end":{"line":5,"column":40}},"1":{"start":{"line":6,"column":16},"end":{"line":6,"column":34}},"2":{"start":{"line":8,"column":28},"end":{"line":8,"column":54}},"3":{"start":{"line":9,"column":42},"end":{"line":9,"column":71}},"4":{"start":{"line":10,"column":16},"end":{"line":10,"column":44}},"5":{"start":{"line":12,"column":25},"end":{"line":12,"column":62}},"6":{"start":{"line":13,"column":28},"end":{"line":13,"column":68}},"7":{"start":{"line":14,"column":28},"end":{"line":14,"column":68}},"8":{"start":{"line":16,"column":15},"end":{"line":16,"column":35}},"9":{"start":{"line":28,"column":0},"end":{"line":42,"column":3}},"10":{"start":{"line":29,"column":20},"end":{"line":33,"column":3}},"11":{"start":{"line":35,"column":2},"end":{"line":38,"column":3}},"12":{"start":{"line":36,"column":17},"end":{"line":36,"column":51}},"13":{"start":{"line":36,"column":43},"end":{"line":36,"column":50}},"14":{"start":{"line":37,"column":4},"end":{"line":37,"column":36}},"15":{"start":{"line":40,"column":18},"end":{"line":40,"column":48}},"16":{"start":{"line":41,"column":2},"end":{"line":41,"column":43}},"17":{"start":{"line":55,"column":0},"end":{"line":78,"column":3}},"18":{"start":{"line":56,"column":2},"end":{"line":59,"column":3}},"19":{"start":{"line":57,"column":22},"end":{"line":57,"column":45}},"20":{"start":{"line":58,"column":4},"end":{"line":58,"column":35}},"21":{"start":{"line":60,"column":18},"end":{"line":60,"column":34}},"22":{"start":{"line":62,"column":2},"end":{"line":62,"column":54}},"23":{"start":{"line":63,"column":2},"end":{"line":63,"column":54}},"24":{"start":{"line":65,"column":20},"end":{"line":69,"column":3}},"25":{"start":{"line":71,"column":2},"end":{"line":74,"column":3}},"26":{"start":{"line":72,"column":17},"end":{"line":72,"column":51}},"27":{"start":{"line":72,"column":43},"end":{"line":72,"column":50}},"28":{"start":{"line":73,"column":4},"end":{"line":73,"column":36}},"29":{"start":{"line":76,"column":20},"end":{"line":76,"column":51}},"30":{"start":{"line":77,"column":2},"end":{"line":77,"column":33}},"31":{"start":{"line":88,"column":0},"end":{"line":91,"column":3}},"32":{"start":{"line":89,"column":18},"end":{"line":89,"column":54}},"33":{"start":{"line":90,"column":2},"end":{"line":90,"column":31}},"34":{"start":{"line":104,"column":0},"end":{"line":117,"column":3}},"35":{"start":{"line":105,"column":20},"end":{"line":109,"column":3}},"36":{"start":{"line":110,"column":2},"end":{"line":113,"column":3}},"37":{"start":{"line":111,"column":17},"end":{"line":111,"column":51}},"38":{"start":{"line":111,"column":43},"end":{"line":111,"column":50}},"39":{"start":{"line":112,"column":4},"end":{"line":112,"column":36}},"40":{"start":{"line":115,"column":18},"end":{"line":115,"column":67}},"41":{"start":{"line":116,"column":2},"end":{"line":116,"column":31}},"42":{"start":{"line":124,"column":0},"end":{"line":127,"column":3}},"43":{"start":{"line":125,"column":2},"end":{"line":125,"column":42}},"44":{"start":{"line":126,"column":2},"end":{"line":126,"column":50}},"45":{"start":{"line":130,"column":0},"end":{"line":130,"column":24}}},"fnMap":{"0":{"name":"(anonymous_0)","decl":{"start":{"line":28,"column":32},"end":{"line":28,"column":33}},"loc":{"start":{"line":28,"column":64},"end":{"line":42,"column":1}},"line":28},"1":{"name":"(anonymous_1)","decl":{"start":{"line":36,"column":38},"end":{"line":36,"column":39}},"loc":{"start":{"line":36,"column":43},"end":{"line":36,"column":50}},"line":36},"2":{"name":"(anonymous_2)","decl":{"start":{"line":55,"column":16},"end":{"line":55,"column":17}},"loc":{"start":{"line":55,"column":48},"end":{"line":78,"column":1}},"line":55},"3":{"name":"(anonymous_3)","decl":{"start":{"line":72,"column":38},"end":{"line":72,"column":39}},"loc":{"start":{"line":72,"column":43},"end":{"line":72,"column":50}},"line":72},"4":{"name":"(anonymous_4)","decl":{"start":{"line":88,"column":23},"end":{"line":88,"column":24}},"loc":{"start":{"line":88,"column":55},"end":{"line":91,"column":1}},"line":88},"5":{"name":"(anonymous_5)","decl":{"start":{"line":104,"column":40},"end":{"line":104,"column":41}},"loc":{"start":{"line":104,"column":72},"end":{"line":117,"column":1}},"line":104},"6":{"name":"(anonymous_6)","decl":{"start":{"line":111,"column":38},"end":{"line":111,"column":39}},"loc":{"start":{"line":111,"column":43},"end":{"line":111,"column":50}},"line":111},"7":{"name":"(anonymous_7)","decl":{"start":{"line":124,"column":41},"end":{"line":124,"column":42}},"loc":{"start":{"line":124,"column":73},"end":{"line":127,"column":1}},"line":124}},"branchMap":{"0":{"loc":{"start":{"line":35,"column":2},"end":{"line":38,"column":3}},"type":"if","locations":[{"start":{"line":35,"column":2},"end":{"line":38,"column":3}},{"start":{},"end":{}}],"line":35},"1":{"loc":{"start":{"line":56,"column":2},"end":{"line":59,"column":3}},"type":"if","locations":[{"start":{"line":56,"column":2},"end":{"line":59,"column":3}},{"start":{},"end":{}}],"line":56},"2":{"loc":{"start":{"line":71,"column":2},"end":{"line":74,"column":3}},"type":"if","locations":[{"start":{"line":71,"column":2},"end":{"line":74,"column":3}},{"start":{},"end":{}}],"line":71},"3":{"loc":{"start":{"line":110,"column":2},"end":{"line":113,"column":3}},"type":"if","locations":[{"start":{"line":110,"column":2},"end":{"line":113,"column":3}},{"start":{},"end":{}}],"line":110}},"s":{"0":5,"1":5,"2":5,"3":5,"4":5,"5":5,"6":5,"7":5,"8":5,"9":5,"10":3,"11":3,"12":2,"13":3,"14":2,"15":1,"16":1,"17":5,"18":5,"19":2,"20":1,"21":3,"22":3,"23":3,"24":3,"25":3,"26":2,"27":3,"28":2,"29":1,"30":1,"31":5,"32":3,"33":2,"34":5,"35":4,"36":4,"37":2,"38":2,"39":2,"40":2,"41":1,"42":5,"43":2,"44":1,"45":5},"f":{"0":3,"1":3,"2":5,"3":3,"4":3,"5":4,"6":2,"7":2},"b":{"0":[2,1],"1":[2,3],"2":[2,1],"3":[2,2]},"_coverageSchema":"1a1c01bbd47fc00a2c39e90264f33305004495a9","hash":"77d815e3067ad198fe698ac4bf11277e1641b28d"}
,"/Users/spencertaira/rithm/exercises/node-express/Express-Jobly/routes/jobs.js": {"path":"/Users/spencertaira/rithm/exercises/node-express/Express-Jobly/routes/jobs.js","statementMap":{"0":{"start":{"line":5,"column":19},"end":{"line":5,"column":40}},"1":{"start":{"line":6,"column":16},"end":{"line":6,"column":34}},"2":{"start":{"line":8,"column":28},"end":{"line":8,"column":54}},"3":{"start":{"line":9,"column":42},"end":{"line":9,"column":71}},"4":{"start":{"line":10,"column":12},"end":{"line":10,"column":36}},"5":{"start":{"line":12,"column":21},"end":{"line":12,"column":54}},"6":{"start":{"line":14,"column":15},"end":{"line":14,"column":35}},"7":{"start":{"line":25,"column":0},"end":{"line":40,"column":3}},"8":{"start":{"line":26,"column":20},"end":{"line":30,"column":3}},"9":{"start":{"line":32,"column":2},"end":{"line":35,"column":3}},"10":{"start":{"line":33,"column":17},"end":{"line":33,"column":51}},"11":{"start":{"line":33,"column":43},"end":{"line":33,"column":50}},"12":{"start":{"line":34,"column":4},"end":{"line":34,"column":36}},"13":{"start":{"line":36,"column":2},"end":{"line":36,"column":44}},"14":{"start":{"line":37,"column":14},"end":{"line":37,"column":40}},"15":{"start":{"line":39,"column":2},"end":{"line":39,"column":39}},"16":{"start":{"line":42,"column":0},"end":{"line":42,"column":24}},"17":{"start":{"line":51,"column":0},"end":{"line":76,"column":3}},"18":{"start":{"line":52,"column":2},"end":{"line":55,"column":3}},"19":{"start":{"line":53,"column":17},"end":{"line":53,"column":36}},"20":{"start":{"line":54,"column":4},"end":{"line":54,"column":30}},"21":{"start":{"line":69,"column":2},"end":{"line":72,"column":3}},"22":{"start":{"line":70,"column":17},"end":{"line":70,"column":51}},"23":{"start":{"line":70,"column":43},"end":{"line":70,"column":50}},"24":{"start":{"line":71,"column":4},"end":{"line":71,"column":36}},"25":{"start":{"line":75,"column":2},"end":{"line":75,"column":28}},"26":{"start":{"line":85,"column":0},"end":{"line":88,"column":3}},"27":{"start":{"line":86,"column":14},"end":{"line":86,"column":42}},"28":{"start":{"line":87,"column":2},"end":{"line":87,"column":27}}},"fnMap":{"0":{"name":"(anonymous_0)","decl":{"start":{"line":25,"column":32},"end":{"line":25,"column":33}},"loc":{"start":{"line":25,"column":64},"end":{"line":40,"column":1}},"line":25},"1":{"name":"(anonymous_1)","decl":{"start":{"line":33,"column":38},"end":{"line":33,"column":39}},"loc":{"start":{"line":33,"column":43},"end":{"line":33,"column":50}},"line":33},"2":{"name":"(anonymous_2)","decl":{"start":{"line":51,"column":16},"end":{"line":51,"column":17}},"loc":{"start":{"line":51,"column":48},"end":{"line":76,"column":1}},"line":51},"3":{"name":"(anonymous_3)","decl":{"start":{"line":70,"column":38},"end":{"line":70,"column":39}},"loc":{"start":{"line":70,"column":43},"end":{"line":70,"column":50}},"line":70},"4":{"name":"(anonymous_4)","decl":{"start":{"line":85,"column":19},"end":{"line":85,"column":20}},"loc":{"start":{"line":85,"column":51},"end":{"line":88,"column":1}},"line":85}},"branchMap":{"0":{"loc":{"start":{"line":32,"column":2},"end":{"line":35,"column":3}},"type":"if","locations":[{"start":{"line":32,"column":2},"end":{"line":35,"column":3}},{"start":{},"end":{}}],"line":32},"1":{"loc":{"start":{"line":52,"column":2},"end":{"line":55,"column":3}},"type":"if","locations":[{"start":{"line":52,"column":2},"end":{"line":55,"column":3}},{"start":{},"end":{}}],"line":52},"2":{"loc":{"start":{"line":69,"column":2},"end":{"line":72,"column":3}},"type":"if","locations":[{"start":{"line":69,"column":2},"end":{"line":72,"column":3}},{"start":{},"end":{}}],"line":69}},"s":{"0":5,"1":5,"2":5,"3":5,"4":5,"5":5,"6":5,"7":5,"8":4,"9":4,"10":2,"11":3,"12":2,"13":2,"14":2,"15":1,"16":5,"17":5,"18":2,"19":2,"20":1,"21":0,"22":0,"23":0,"24":0,"25":0,"26":5,"27":2,"28":1},"f":{"0":4,"1":3,"2":2,"3":0,"4":2},"b":{"0":[2,2],"1":[2,0],"2":[0,0]},"_coverageSchema":"1a1c01bbd47fc00a2c39e90264f33305004495a9","hash":"0cd0da7fcf81ae2a92f0c9ac71d8a456e3e8e5fa"}
,"/Users/spencertaira/rithm/exercises/node-express/Express-Jobly/routes/users.js": {"path":"/Users/spencertaira/rithm/exercises/node-express/Express-Jobly/routes/users.js","statementMap":{"0":{"start":{"line":5,"column":19},"end":{"line":5,"column":40}},"1":{"start":{"line":7,"column":16},"end":{"line":7,"column":34}},"2":{"start":{"line":8,"column":68},"end":{"line":8,"column":97}},"3":{"start":{"line":9,"column":47},"end":{"line":9,"column":73}},"4":{"start":{"line":10,"column":13},"end":{"line":10,"column":38}},"5":{"start":{"line":11,"column":24},"end":{"line":11,"column":52}},"6":{"start":{"line":12,"column":22},"end":{"line":12,"column":56}},"7":{"start":{"line":13,"column":25},"end":{"line":13,"column":62}},"8":{"start":{"line":14,"column":18},"end":{"line":14,"column":35}},"9":{"start":{"line":16,"column":15},"end":{"line":16,"column":31}},"10":{"start":{"line":31,"column":0},"end":{"line":45,"column":3}},"11":{"start":{"line":32,"column":20},"end":{"line":36,"column":3}},"12":{"start":{"line":37,"column":2},"end":{"line":40,"column":3}},"13":{"start":{"line":38,"column":17},"end":{"line":38,"column":51}},"14":{"start":{"line":38,"column":43},"end":{"line":38,"column":50}},"15":{"start":{"line":39,"column":4},"end":{"line":39,"column":36}},"16":{"start":{"line":42,"column":15},"end":{"line":42,"column":44}},"17":{"start":{"line":43,"column":16},"end":{"line":43,"column":33}},"18":{"start":{"line":44,"column":2},"end":{"line":44,"column":47}},"19":{"start":{"line":55,"column":0},"end":{"line":58,"column":3}},"20":{"start":{"line":56,"column":16},"end":{"line":56,"column":36}},"21":{"start":{"line":57,"column":2},"end":{"line":57,"column":29}},"22":{"start":{"line":68,"column":0},"end":{"line":71,"column":3}},"23":{"start":{"line":69,"column":15},"end":{"line":69,"column":50}},"24":{"start":{"line":70,"column":2},"end":{"line":70,"column":28}},"25":{"start":{"line":84,"column":0},"end":{"line":97,"column":3}},"26":{"start":{"line":85,"column":20},"end":{"line":89,"column":3}},"27":{"start":{"line":90,"column":2},"end":{"line":93,"column":3}},"28":{"start":{"line":91,"column":17},"end":{"line":91,"column":51}},"29":{"start":{"line":91,"column":43},"end":{"line":91,"column":50}},"30":{"start":{"line":92,"column":4},"end":{"line":92,"column":36}},"31":{"start":{"line":95,"column":15},"end":{"line":95,"column":63}},"32":{"start":{"line":96,"column":2},"end":{"line":96,"column":28}},"33":{"start":{"line":105,"column":0},"end":{"line":108,"column":3}},"34":{"start":{"line":106,"column":2},"end":{"line":106,"column":41}},"35":{"start":{"line":107,"column":2},"end":{"line":107,"column":52}},"36":{"start":{"line":111,"column":0},"end":{"line":111,"column":24}}},"fnMap":{"0":{"name":"(anonymous_0)","decl":{"start":{"line":31,"column":32},"end":{"line":31,"column":33}},"loc":{"start":{"line":31,"column":64},"end":{"line":45,"column":1}},"line":31},"1":{"name":"(anonymous_1)","decl":{"start":{"line":38,"column":38},"end":{"line":38,"column":39}},"loc":{"start":{"line":38,"column":43},"end":{"line":38,"column":50}},"line":38},"2":{"name":"(anonymous_2)","decl":{"start":{"line":55,"column":31},"end":{"line":55,"column":32}},"loc":{"start":{"line":55,"column":63},"end":{"line":58,"column":1}},"line":55},"3":{"name":"(anonymous_3)","decl":{"start":{"line":68,"column":51},"end":{"line":68,"column":52}},"loc":{"start":{"line":68,"column":83},"end":{"line":71,"column":1}},"line":68},"4":{"name":"(anonymous_4)","decl":{"start":{"line":84,"column":53},"end":{"line":84,"column":54}},"loc":{"start":{"line":84,"column":85},"end":{"line":97,"column":1}},"line":84},"5":{"name":"(anonymous_5)","decl":{"start":{"line":91,"column":38},"end":{"line":91,"column":39}},"loc":{"start":{"line":91,"column":43},"end":{"line":91,"column":50}},"line":91},"6":{"name":"(anonymous_6)","decl":{"start":{"line":105,"column":54},"end":{"line":105,"column":55}},"loc":{"start":{"line":105,"column":86},"end":{"line":108,"column":1}},"line":105}},"branchMap":{"0":{"loc":{"start":{"line":37,"column":2},"end":{"line":40,"column":3}},"type":"if","locations":[{"start":{"line":37,"column":2},"end":{"line":40,"column":3}},{"start":{},"end":{}}],"line":37},"1":{"loc":{"start":{"line":90,"column":2},"end":{"line":93,"column":3}},"type":"if","locations":[{"start":{"line":90,"column":2},"end":{"line":93,"column":3}},{"start":{},"end":{}}],"line":90}},"s":{"0":5,"1":5,"2":5,"3":5,"4":5,"5":5,"6":5,"7":5,"8":5,"9":5,"10":5,"11":4,"12":4,"13":2,"14":5,"15":2,"16":2,"17":2,"18":2,"19":5,"20":2,"21":1,"22":5,"23":3,"24":2,"25":5,"26":6,"27":6,"28":1,"29":1,"30":1,"31":5,"32":4,"33":5,"34":3,"35":2,"36":5},"f":{"0":4,"1":5,"2":2,"3":3,"4":6,"5":1,"6":3},"b":{"0":[2,2],"1":[1,5]},"_coverageSchema":"1a1c01bbd47fc00a2c39e90264f33305004495a9","hash":"031e2fa01201440e631f87d2656178f3b76ac7cb"}
}
