TN:
SF:app.js
FN:33,(anonymous_0)
FN:38,(anonymous_1)
FNF:2
FNH:2
FNDA:2,(anonymous_0)
FNDA:57,(anonymous_1)
DA:5,5
DA:6,5
DA:8,5
DA:10,5
DA:11,5
DA:12,5
DA:13,5
DA:14,5
DA:16,5
DA:18,5
DA:20,5
DA:21,5
DA:22,5
DA:23,5
DA:24,5
DA:26,5
DA:27,5
DA:28,5
DA:29,5
DA:33,5
DA:34,2
DA:38,5
DA:39,57
DA:40,57
DA:41,57
DA:43,57
DA:48,5
LF:27
LH:27
BRDA:39,0,0,1
BRDA:39,0,1,56
BRDA:40,1,0,57
BRDA:40,1,1,3
BRF:4
BRH:4
end_of_record
TN:
SF:config.js
FN:13,getDatabaseUri
FNF:1
FNH:1
FNDA:22,getDatabaseUri
DA:5,11
DA:6,11
DA:8,11
DA:10,11
DA:14,22
DA:22,11
DA:24,11
DA:25,11
DA:26,11
DA:27,11
DA:28,11
DA:29,11
DA:31,11
LF:13
LH:13
BRDA:8,0,0,11
BRDA:8,0,1,10
BRDA:10,1,0,11
BRDA:10,1,1,10
BRDA:14,2,0,19
BRDA:14,2,1,3
BRDA:16,3,0,3
BRDA:16,3,1,1
BRDA:22,4,0,10
BRDA:22,4,1,1
BRF:10
BRH:10
end_of_record
TN:
SF:db.js
FNF:0
FNH:0
DA:5,8
DA:6,8
DA:8,8
DA:12,8
DA:14,8
LF:5
LH:5
BRF:0
BRH:0
end_of_record
TN:
SF:expressError.js
FN:10,(anonymous_0)
FN:20,(anonymous_1)
FN:28,(anonymous_2)
FN:36,(anonymous_3)
FN:44,(anonymous_4)
FNF:5
FNH:4
FNDA:82,(anonymous_0)
FNDA:20,(anonymous_1)
FNDA:30,(anonymous_2)
FNDA:32,(anonymous_3)
FNDA:0,(anonymous_4)
DA:11,82
DA:12,82
DA:13,82
DA:21,20
DA:29,30
DA:37,32
DA:45,0
DA:49,10
LF:8
LH:7
BRDA:20,0,0,2
BRDA:28,1,0,26
BRDA:36,2,0,0
BRDA:44,3,0,0
BRF:4
BRH:2
end_of_record
TN:
SF:helpers/sql.js
FN:13,sqlForPartialUpdate
FN:18,(anonymous_1)
FNF:2
FNH:2
FNDA:22,sqlForPartialUpdate
FNDA:41,(anonymous_1)
DA:3,9
DA:14,22
DA:15,22
DA:18,19
DA:19,41
DA:22,19
DA:29,9
LF:7
LH:7
BRDA:15,0,0,3
BRDA:15,0,1,19
BRDA:19,1,0,41
BRDA:19,1,1,24
BRF:4
BRH:4
end_of_record
TN:
SF:helpers/tokens.js
FN:8,createToken
FNF:1
FNH:1
FNDA:19,createToken
DA:3,6
DA:4,6
DA:9,19
DA:12,19
DA:16,19
DA:17,19
DA:20,6
LF:7
LH:7
BRDA:14,0,0,19
BRDA:14,0,1,13
BRF:2
BRH:2
end_of_record
TN:
SF:middleware/auth.js
FN:18,authenticateJWT
FN:36,ensureLoggedIn
FN:50,ensureIsAdmin
FN:62,ensureCorrectUserOrAdmin
FNF:4
FNH:4
FNDA:87,authenticateJWT
FNDA:2,ensureLoggedIn
FNDA:43,ensureIsAdmin
FNDA:22,ensureCorrectUserOrAdmin
DA:5,6
DA:6,6
DA:7,6
DA:19,87
DA:20,87
DA:21,87
DA:22,53
DA:23,53
DA:25,86
DA:27,1
DA:37,2
DA:38,1
DA:51,43
DA:52,26
DA:63,22
DA:65,14
DA:68,8
DA:71,6
LF:18
LH:18
BRDA:20,0,0,87
BRDA:20,0,1,86
BRDA:21,1,0,53
BRDA:21,1,1,34
BRDA:37,2,0,1
BRDA:37,2,1,1
BRDA:51,3,0,17
BRDA:51,3,1,26
BRDA:63,4,0,14
BRDA:63,4,1,8
BRDA:63,5,0,22
BRDA:63,5,1,16
BRF:12
BRH:12
end_of_record
TN:
SF:models/_testCommon.js
FN:8,commonBeforeAll
FN:45,commonBeforeEach
FN:49,commonAfterEach
FN:53,commonAfterAll
FNF:4
FNH:4
FNDA:3,commonBeforeAll
FNDA:53,commonBeforeEach
FNDA:53,commonAfterEach
FNDA:3,commonAfterAll
DA:3,3
DA:5,3
DA:6,3
DA:10,3
DA:12,3
DA:13,3
DA:14,3
DA:20,3
DA:33,3
DA:37,3
DA:46,53
DA:50,53
DA:54,3
DA:58,3
LF:14
LH:14
BRF:0
BRH:0
end_of_record
TN:
SF:models/company.js
FN:19,(anonymous_0)
FN:57,(anonymous_1)
FN:77,(anonymous_2)
FN:107,(anonymous_3)
FN:134,(anonymous_4)
FN:157,(anonymous_5)
FN:201,(anonymous_6)
FN:206,(anonymous_7)
FNF:8
FNH:8
FNDA:16,(anonymous_0)
FNDA:3,(anonymous_1)
FNDA:5,(anonymous_2)
FNDA:6,(anonymous_3)
FNDA:4,(anonymous_4)
FNDA:4,(anonymous_5)
FNDA:5,(anonymous_6)
FNDA:9,(anonymous_7)
DA:3,6
DA:4,6
DA:5,6
DA:20,16
DA:26,16
DA:27,1
DA:29,15
DA:47,15
DA:49,15
DA:58,3
DA:66,2
DA:78,5
DA:88,5
DA:90,5
DA:92,3
DA:108,6
DA:114,5
DA:116,5
DA:121,5
DA:122,5
DA:124,5
DA:126,3
DA:135,4
DA:141,4
DA:143,4
DA:158,4
DA:159,3
DA:160,1
DA:164,3
DA:167,3
DA:179,3
DA:180,3
DA:202,5
DA:203,5
DA:204,5
DA:206,4
DA:207,9
DA:208,3
DA:209,3
DA:211,6
DA:212,3
DA:214,3
DA:215,3
DA:219,4
DA:229,6
LF:45
LH:45
BRDA:26,0,0,1
BRDA:26,0,1,15
BRDA:90,1,0,2
BRDA:90,1,1,3
BRDA:124,2,0,2
BRDA:124,2,1,3
BRDA:143,3,0,2
BRDA:143,3,1,2
BRDA:158,4,0,3
BRDA:158,4,1,1
BRDA:158,5,0,4
BRDA:158,5,1,3
BRDA:159,6,0,1
BRDA:159,6,1,2
BRDA:204,7,0,1
BRDA:204,7,1,4
BRDA:207,8,0,3
BRDA:207,8,1,6
BRDA:211,9,0,3
BRDA:211,9,1,3
BRDA:214,10,0,3
BRDA:214,10,1,0
BRF:22
BRH:21
end_of_record
TN:
SF:models/job.js
FN:20,(anonymous_0)
FN:64,(anonymous_1)
FN:83,(anonymous_2)
FN:112,(anonymous_3)
FN:138,(anonymous_4)
FN:161,(anonymous_5)
FN:212,(anonymous_6)
FN:221,(anonymous_7)
FNF:8
FNH:8
FNDA:21,(anonymous_0)
FNDA:3,(anonymous_1)
FNDA:4,(anonymous_2)
FNDA:6,(anonymous_3)
FNDA:4,(anonymous_4)
FNDA:8,(anonymous_5)
FNDA:10,(anonymous_6)
FNDA:17,(anonymous_7)
DA:3,6
DA:4,6
DA:5,6
DA:21,21
DA:27,21
DA:28,1
DA:29,20
DA:35,20
DA:36,19
DA:55,19
DA:57,19
DA:65,3
DA:72,2
DA:84,4
DA:93,4
DA:95,4
DA:97,2
DA:113,6
DA:118,5
DA:120,5
DA:125,5
DA:126,5
DA:128,5
DA:130,3
DA:139,4
DA:145,4
DA:147,4
DA:162,8
DA:163,8
DA:164,5
DA:166,8
DA:167,5
DA:169,8
DA:170,4
DA:173,8
DA:176,5
DA:178,5
DA:190,5
DA:213,10
DA:214,3
DA:217,10
DA:218,10
DA:219,10
DA:221,9
DA:222,17
DA:223,6
DA:224,6
DA:226,11
DA:227,8
DA:229,3
DA:230,3
DA:231,3
DA:232,3
DA:237,9
DA:248,6
LF:55
LH:55
BRDA:27,0,0,1
BRDA:27,0,1,20
BRDA:35,1,0,1
BRDA:35,1,1,19
BRDA:95,2,0,2
BRDA:95,2,1,2
BRDA:128,3,0,2
BRDA:128,3,1,3
BRDA:147,4,0,2
BRDA:147,4,1,2
BRDA:163,5,0,5
BRDA:163,5,1,3
BRDA:164,6,0,1
BRDA:164,6,1,4
BRDA:166,7,0,5
BRDA:166,7,1,3
BRDA:167,8,0,1
BRDA:167,8,1,4
BRDA:169,9,0,4
BRDA:169,9,1,4
BRDA:170,10,0,1
BRDA:170,10,1,3
BRDA:173,11,0,3
BRDA:173,11,1,5
BRDA:213,12,0,3
BRDA:213,12,1,7
BRDA:219,13,0,1
BRDA:219,13,1,9
BRDA:222,14,0,6
BRDA:222,14,1,11
BRDA:226,15,0,8
BRDA:226,15,1,3
BRDA:229,16,0,3
BRDA:229,16,1,0
BRDA:230,17,0,3
BRDA:230,17,1,0
BRF:36
BRH:34
end_of_record
TN:
SF:models/user.js
FN:24,(anonymous_0)
FN:59,(anonymous_1)
FN:104,(anonymous_2)
FN:126,(anonymous_3)
FN:162,(anonymous_4)
FN:195,(anonymous_5)
FNF:6
FNH:6
FNDA:8,(anonymous_0)
FNDA:23,(anonymous_1)
FNDA:3,(anonymous_2)
FNDA:5,(anonymous_3)
FNDA:9,(anonymous_4)
FNDA:5,(anonymous_5)
DA:3,6
DA:4,6
DA:5,6
DA:10,6
DA:12,6
DA:26,8
DA:38,8
DA:40,8
DA:42,5
DA:43,5
DA:44,4
DA:45,4
DA:49,4
DA:61,23
DA:68,23
DA:69,1
DA:72,22
DA:74,22
DA:94,22
DA:96,22
DA:105,3
DA:115,2
DA:127,5
DA:138,5
DA:140,5
DA:142,3
DA:163,9
DA:164,3
DA:167,9
DA:174,8
DA:176,8
DA:184,8
DA:185,8
DA:187,8
DA:189,6
DA:190,6
DA:196,5
DA:203,5
DA:205,5
DA:210,6
LF:40
LH:40
BRDA:40,0,0,5
BRDA:40,0,1,3
BRDA:43,1,0,4
BRDA:43,1,1,1
BRDA:68,2,0,1
BRDA:68,2,1,22
BRDA:140,3,0,2
BRDA:140,3,1,3
BRDA:163,4,0,3
BRDA:163,4,1,6
BRDA:187,5,0,2
BRDA:187,5,1,6
BRDA:205,6,0,2
BRDA:205,6,1,3
BRF:14
BRH:14
end_of_record
TN:
SF:routes/_testCommon.js
FN:12,commonBeforeAll
FN:109,commonBeforeEach
FN:113,commonAfterEach
FN:117,commonAfterAll
FNF:4
FNH:4
FNDA:4,commonBeforeAll
FNDA:82,commonBeforeEach
FNDA:82,commonAfterEach
FNDA:4,commonAfterAll
DA:3,4
DA:4,4
DA:5,4
DA:6,4
DA:7,4
DA:14,4
DA:16,4
DA:18,4
DA:26,4
DA:34,4
DA:43,4
DA:51,4
DA:59,4
DA:67,4
DA:75,4
DA:79,4
DA:86,4
DA:93,4
DA:100,4
DA:110,82
DA:114,82
DA:118,4
DA:122,4
DA:123,4
DA:124,4
DA:126,4
LF:26
LH:26
BRF:0
BRH:0
end_of_record
TN:
SF:routes/auth.js
FN:22,(anonymous_0)
FN:29,(anonymous_1)
FN:49,(anonymous_2)
FN:56,(anonymous_3)
FNF:4
FNH:4
FNDA:5,(anonymous_0)
FNDA:2,(anonymous_1)
FNDA:3,(anonymous_2)
FNDA:5,(anonymous_3)
DA:5,5
DA:7,5
DA:8,5
DA:9,5
DA:10,5
DA:11,5
DA:12,5
DA:13,5
DA:22,5
DA:23,5
DA:28,5
DA:29,2
DA:30,2
DA:33,3
DA:34,3
DA:35,1
DA:36,1
DA:49,5
DA:50,3
DA:55,3
DA:56,5
DA:57,2
DA:60,1
DA:61,1
DA:62,1
DA:66,5
LF:26
LH:26
BRDA:28,0,0,2
BRDA:28,0,1,3
BRDA:55,1,0,2
BRDA:55,1,1,1
BRF:4
BRH:4
end_of_record
TN:
SF:routes/companies.js
FN:28,(anonymous_0)
FN:36,(anonymous_1)
FN:55,(anonymous_2)
FN:72,(anonymous_3)
FN:88,(anonymous_4)
FN:104,(anonymous_5)
FN:111,(anonymous_6)
FN:124,(anonymous_7)
FNF:8
FNH:8
FNDA:3,(anonymous_0)
FNDA:3,(anonymous_1)
FNDA:5,(anonymous_2)
FNDA:3,(anonymous_3)
FNDA:3,(anonymous_4)
FNDA:4,(anonymous_5)
FNDA:2,(anonymous_6)
FNDA:2,(anonymous_7)
DA:5,5
DA:6,5
DA:8,5
DA:9,5
DA:10,5
DA:12,5
DA:13,5
DA:14,5
DA:16,5
DA:28,5
DA:29,3
DA:35,3
DA:36,3
DA:37,2
DA:40,1
DA:41,1
DA:55,5
DA:56,5
DA:57,2
DA:58,1
DA:60,3
DA:62,3
DA:63,3
DA:65,3
DA:71,3
DA:72,3
DA:73,2
DA:76,1
DA:77,1
DA:88,5
DA:89,3
DA:90,2
DA:104,5
DA:105,4
DA:110,4
DA:111,2
DA:112,2
DA:115,2
DA:116,1
DA:124,5
DA:125,2
DA:126,1
DA:130,5
LF:43
LH:43
BRDA:35,0,0,2
BRDA:35,0,1,1
BRDA:56,1,0,2
BRDA:56,1,1,3
BRDA:71,2,0,2
BRDA:71,2,1,1
BRDA:110,3,0,2
BRDA:110,3,1,2
BRF:8
BRH:8
end_of_record
TN:
SF:routes/jobs.js
FN:27,(anonymous_0)
FN:35,(anonymous_1)
FN:56,(anonymous_2)
FN:78,(anonymous_3)
FN:93,(anonymous_4)
FN:110,(anonymous_5)
FN:117,(anonymous_6)
FN:130,(anonymous_7)
FNF:8
FNH:8
FNDA:4,(anonymous_0)
FNDA:3,(anonymous_1)
FNDA:6,(anonymous_2)
FNDA:2,(anonymous_3)
FNDA:2,(anonymous_4)
FNDA:4,(anonymous_5)
FNDA:2,(anonymous_6)
FNDA:2,(anonymous_7)
DA:5,5
DA:6,5
DA:8,5
DA:9,5
DA:10,5
DA:12,5
DA:13,5
DA:14,5
DA:16,5
DA:27,5
DA:28,4
DA:34,4
DA:35,3
DA:36,2
DA:38,2
DA:39,2
DA:41,1
DA:56,5
DA:57,6
DA:58,2
DA:59,1
DA:62,4
DA:64,4
DA:65,4
DA:66,2
DA:67,2
DA:68,1
DA:71,4
DA:77,4
DA:78,2
DA:79,2
DA:82,2
DA:83,2
DA:93,5
DA:94,2
DA:95,1
DA:110,5
DA:111,4
DA:116,4
DA:117,2
DA:118,2
DA:121,2
DA:122,1
DA:130,5
DA:131,2
DA:132,1
DA:135,5
LF:47
LH:47
BRDA:34,0,0,2
BRDA:34,0,1,2
BRDA:57,1,0,2
BRDA:57,1,1,4
BRDA:65,2,0,2
BRDA:65,2,1,2
BRDA:67,3,0,1
BRDA:67,3,1,1
BRDA:77,4,0,2
BRDA:77,4,1,2
BRDA:116,5,0,2
BRDA:116,5,1,2
BRF:12
BRH:12
end_of_record
TN:
SF:routes/users.js
FN:31,(anonymous_0)
FN:38,(anonymous_1)
FN:55,(anonymous_2)
FN:68,(anonymous_3)
FN:84,(anonymous_4)
FN:91,(anonymous_5)
FN:105,(anonymous_6)
FNF:7
FNH:7
FNDA:4,(anonymous_0)
FNDA:5,(anonymous_1)
FNDA:2,(anonymous_2)
FNDA:3,(anonymous_3)
FNDA:6,(anonymous_4)
FNDA:1,(anonymous_5)
FNDA:3,(anonymous_6)
DA:5,5
DA:7,5
DA:8,5
DA:9,5
DA:10,5
DA:11,5
DA:12,5
DA:13,5
DA:14,5
DA:16,5
DA:31,5
DA:32,4
DA:37,4
DA:38,5
DA:39,2
DA:42,2
DA:43,2
DA:44,2
DA:55,5
DA:56,2
DA:57,1
DA:68,5
DA:69,3
DA:70,2
DA:84,5
DA:85,6
DA:90,6
DA:91,1
DA:92,1
DA:95,5
DA:96,4
DA:105,5
DA:106,3
DA:107,2
DA:111,5
LF:35
LH:35
BRDA:37,0,0,2
BRDA:37,0,1,2
BRDA:90,1,0,1
BRDA:90,1,1,5
BRF:4
BRH:4
end_of_record
